2014/01/23 11:15:17 [error] [exception.CException] exception 'CException' with message 'CAssetManager.basePath "/Users/dave/dev/SiteChecker/assets" is invalid. Please make sure the directory exists and is writable by the Web server process.' in /Users/dave/dev/SiteChecker/protected/framework/web/CAssetManager.php:138
Stack trace:
#0 /Users/dave/dev/SiteChecker/protected/framework/web/CAssetManager.php(123): CAssetManager->setBasePath('/Users/dave/dev...')
#1 /Users/dave/dev/SiteChecker/protected/framework/web/CAssetManager.php(217): CAssetManager->getBasePath()
#2 /Users/dave/dev/SiteChecker/protected/framework/web/CClientScript.php(510): CAssetManager->publish('/Users/dave/dev...')
#3 /Users/dave/dev/SiteChecker/protected/framework/web/CClientScript.php(547): CClientScript->getCoreScriptUrl()
#4 /Users/dave/dev/SiteChecker/protected/framework/web/CClientScript.php(348): CClientScript->getPackageBaseUrl('jquery')
#5 /Users/dave/dev/SiteChecker/protected/framework/web/CClientScript.php(208): CClientScript->renderCoreScripts()
#6 /Users/dave/dev/SiteChecker/protected/framework/web/CController.php(351): CClientScript->render('<!DOCTYPE html ...')
#7 /Users/dave/dev/SiteChecker/protected/framework/web/CController.php(788): CController->processOutput('<!DOCTYPE html ...')
#8 /Users/dave/dev/SiteChecker/protected/controllers/SiteController.php(72): CController->render('contact', Array)
#9 /Users/dave/dev/SiteChecker/protected/framework/web/actions/CInlineAction.php(49): SiteController->actionContact()
#10 /Users/dave/dev/SiteChecker/protected/framework/web/CController.php(308): CInlineAction->runWithParams(Array)
#11 /Users/dave/dev/SiteChecker/protected/framework/web/CController.php(286): CController->runAction(Object(CInlineAction))
#12 /Users/dave/dev/SiteChecker/protected/framework/web/CController.php(265): CController->runActionWithFilters(Object(CInlineAction), Array)
#13 /Users/dave/dev/SiteChecker/protected/framework/web/CWebApplication.php(282): CController->run('contact')
#14 /Users/dave/dev/SiteChecker/protected/framework/web/CWebApplication.php(141): CWebApplication->runController('site/contact')
#15 /Users/dave/dev/SiteChecker/protected/framework/base/CApplication.php(180): CWebApplication->processRequest()
#16 /Users/dave/dev/SiteChecker/index.php(12): CApplication->run()
#17 {main}
REQUEST_URI=/index.php/site/contact
HTTP_REFERER=http://localhost/index.php?r=site/page&view=about
---
2014/01/23 11:15:42 [error] [exception.CException] exception 'CException' with message 'CAssetManager.basePath "/Users/dave/dev/SiteChecker/assets" is invalid. Please make sure the directory exists and is writable by the Web server process.' in /Users/dave/dev/SiteChecker/protected/framework/web/CAssetManager.php:138
Stack trace:
#0 /Users/dave/dev/SiteChecker/protected/framework/web/CAssetManager.php(123): CAssetManager->setBasePath('/Users/dave/dev...')
#1 /Users/dave/dev/SiteChecker/protected/framework/web/CAssetManager.php(217): CAssetManager->getBasePath()
#2 /Users/dave/dev/SiteChecker/protected/framework/web/CClientScript.php(510): CAssetManager->publish('/Users/dave/dev...')
#3 /Users/dave/dev/SiteChecker/protected/framework/web/CClientScript.php(547): CClientScript->getCoreScriptUrl()
#4 /Users/dave/dev/SiteChecker/protected/framework/web/CClientScript.php(348): CClientScript->getPackageBaseUrl('jquery')
#5 /Users/dave/dev/SiteChecker/protected/framework/web/CClientScript.php(208): CClientScript->renderCoreScripts()
#6 /Users/dave/dev/SiteChecker/protected/framework/web/CController.php(351): CClientScript->render('<!DOCTYPE html ...')
#7 /Users/dave/dev/SiteChecker/protected/framework/web/CController.php(788): CController->processOutput('<!DOCTYPE html ...')
#8 /Users/dave/dev/SiteChecker/protected/controllers/SiteController.php(98): CController->render('login', Array)
#9 /Users/dave/dev/SiteChecker/protected/framework/web/actions/CInlineAction.php(49): SiteController->actionLogin()
#10 /Users/dave/dev/SiteChecker/protected/framework/web/CController.php(308): CInlineAction->runWithParams(Array)
#11 /Users/dave/dev/SiteChecker/protected/framework/web/CController.php(286): CController->runAction(Object(CInlineAction))
#12 /Users/dave/dev/SiteChecker/protected/framework/web/CController.php(265): CController->runActionWithFilters(Object(CInlineAction), Array)
#13 /Users/dave/dev/SiteChecker/protected/framework/web/CWebApplication.php(282): CController->run('login')
#14 /Users/dave/dev/SiteChecker/protected/framework/web/CWebApplication.php(141): CWebApplication->runController('site/login')
#15 /Users/dave/dev/SiteChecker/protected/framework/base/CApplication.php(180): CWebApplication->processRequest()
#16 /Users/dave/dev/SiteChecker/index.php(12): CApplication->run()
#17 {main}
REQUEST_URI=/index.php/site/login
HTTP_REFERER=http://localhost/index.php?r=site/page&view=about
---
2014/01/23 11:19:13 [error] [php] Undefined variable: form (/Users/dave/dev/SiteChecker/protected/views/site/index.php:21)
Stack trace:
#0 /Users/dave/dev/SiteChecker/protected/framework/web/CController.php(869): SiteController->renderFile()
#1 /Users/dave/dev/SiteChecker/protected/framework/web/CController.php(782): SiteController->renderPartial()
#2 /Users/dave/dev/SiteChecker/protected/controllers/SiteController.php(32): SiteController->render()
#3 /Users/dave/dev/SiteChecker/protected/framework/web/actions/CInlineAction.php(49): SiteController->actionIndex()
#4 /Users/dave/dev/SiteChecker/protected/framework/web/CController.php(308): CInlineAction->runWithParams()
#5 /Users/dave/dev/SiteChecker/protected/framework/web/CController.php(286): SiteController->runAction()
#6 /Users/dave/dev/SiteChecker/protected/framework/web/CController.php(265): SiteController->runActionWithFilters()
#7 /Users/dave/dev/SiteChecker/protected/framework/web/CWebApplication.php(282): SiteController->run()
#8 /Users/dave/dev/SiteChecker/protected/framework/web/CWebApplication.php(141): CWebApplication->runController()
#9 /Users/dave/dev/SiteChecker/protected/framework/base/CApplication.php(180): CWebApplication->processRequest()
#10 /Users/dave/dev/SiteChecker/index.php(12): CWebApplication->run()
REQUEST_URI=/index.php?r=site/page&view=about
in /Users/dave/dev/SiteChecker/protected/views/site/index.php (21)
in /Users/dave/dev/SiteChecker/protected/controllers/SiteController.php (32)
in /Users/dave/dev/SiteChecker/index.php (12)
2014/01/23 11:21:24 [error] [php] Undefined variable: model (/Users/dave/dev/SiteChecker/protected/views/site/index.php:19)
Stack trace:
#0 /Users/dave/dev/SiteChecker/protected/framework/web/CController.php(869): SiteController->renderFile()
#1 /Users/dave/dev/SiteChecker/protected/framework/web/CController.php(782): SiteController->renderPartial()
#2 /Users/dave/dev/SiteChecker/protected/controllers/SiteController.php(32): SiteController->render()
#3 /Users/dave/dev/SiteChecker/protected/framework/web/actions/CInlineAction.php(49): SiteController->actionIndex()
#4 /Users/dave/dev/SiteChecker/protected/framework/web/CController.php(308): CInlineAction->runWithParams()
#5 /Users/dave/dev/SiteChecker/protected/framework/web/CController.php(286): SiteController->runAction()
#6 /Users/dave/dev/SiteChecker/protected/framework/web/CController.php(265): SiteController->runActionWithFilters()
#7 /Users/dave/dev/SiteChecker/protected/framework/web/CWebApplication.php(282): SiteController->run()
#8 /Users/dave/dev/SiteChecker/protected/framework/web/CWebApplication.php(141): CWebApplication->runController()
#9 /Users/dave/dev/SiteChecker/protected/framework/base/CApplication.php(180): CWebApplication->processRequest()
#10 /Users/dave/dev/SiteChecker/index.php(12): CWebApplication->run()
REQUEST_URI=/index.php?r=site/page&view=about
in /Users/dave/dev/SiteChecker/protected/views/site/index.php (19)
in /Users/dave/dev/SiteChecker/protected/controllers/SiteController.php (32)
in /Users/dave/dev/SiteChecker/index.php (12)
2014/01/23 11:39:58 [error] [exception.CException] exception 'CException' with message 'CAssetManager.basePath "/Users/dave/dev/SiteChecker/assets" is invalid. Please make sure the directory exists and is writable by the Web server process.' in /Users/dave/dev/SiteChecker/protected/framework/web/CAssetManager.php:138
Stack trace:
#0 /Users/dave/dev/SiteChecker/protected/framework/web/CAssetManager.php(123): CAssetManager->setBasePath('/Users/dave/dev...')
#1 /Users/dave/dev/SiteChecker/protected/framework/web/CAssetManager.php(217): CAssetManager->getBasePath()
#2 /Users/dave/dev/SiteChecker/protected/framework/web/CClientScript.php(510): CAssetManager->publish('/Users/dave/dev...')
#3 /Users/dave/dev/SiteChecker/protected/framework/web/CClientScript.php(547): CClientScript->getCoreScriptUrl()
#4 /Users/dave/dev/SiteChecker/protected/framework/web/CClientScript.php(348): CClientScript->getPackageBaseUrl('jquery')
#5 /Users/dave/dev/SiteChecker/protected/framework/web/CClientScript.php(208): CClientScript->renderCoreScripts()
#6 /Users/dave/dev/SiteChecker/protected/framework/web/CController.php(351): CClientScript->render('<!DOCTYPE html ...')
#7 /Users/dave/dev/SiteChecker/protected/framework/web/CController.php(788): CController->processOutput('<!DOCTYPE html ...')
#8 /Users/dave/dev/SiteChecker/protected/controllers/SiteController.php(43): CController->render('index', Array)
#9 /Users/dave/dev/SiteChecker/protected/framework/web/actions/CInlineAction.php(49): SiteController->actionIndex()
#10 /Users/dave/dev/SiteChecker/protected/framework/web/CController.php(308): CInlineAction->runWithParams(Array)
#11 /Users/dave/dev/SiteChecker/protected/framework/web/CController.php(286): CController->runAction(Object(CInlineAction))
#12 /Users/dave/dev/SiteChecker/protected/framework/web/CController.php(265): CController->runActionWithFilters(Object(CInlineAction), Array)
#13 /Users/dave/dev/SiteChecker/protected/framework/web/CWebApplication.php(282): CController->run('')
#14 /Users/dave/dev/SiteChecker/protected/framework/web/CWebApplication.php(141): CWebApplication->runController('')
#15 /Users/dave/dev/SiteChecker/protected/framework/base/CApplication.php(180): CWebApplication->processRequest()
#16 /Users/dave/dev/SiteChecker/index.php(12): CApplication->run()
#17 {main}
REQUEST_URI=/index.php?r=site/page&view=about
HTTP_REFERER=http://localhost/
---
2014/01/23 11:40:26 [error] [exception.CException] exception 'CException' with message 'CAssetManager.basePath "/Users/dave/dev/SiteChecker/assets" is invalid. Please make sure the directory exists and is writable by the Web server process.' in /Users/dave/dev/SiteChecker/protected/framework/web/CAssetManager.php:138
Stack trace:
#0 /Users/dave/dev/SiteChecker/protected/framework/web/CAssetManager.php(123): CAssetManager->setBasePath('/Users/dave/dev...')
#1 /Users/dave/dev/SiteChecker/protected/framework/web/CAssetManager.php(217): CAssetManager->getBasePath()
#2 /Users/dave/dev/SiteChecker/protected/framework/web/CClientScript.php(510): CAssetManager->publish('/Users/dave/dev...')
#3 /Users/dave/dev/SiteChecker/protected/framework/web/CClientScript.php(547): CClientScript->getCoreScriptUrl()
#4 /Users/dave/dev/SiteChecker/protected/framework/web/CClientScript.php(348): CClientScript->getPackageBaseUrl('jquery')
#5 /Users/dave/dev/SiteChecker/protected/framework/web/CClientScript.php(208): CClientScript->renderCoreScripts()
#6 /Users/dave/dev/SiteChecker/protected/framework/web/CController.php(351): CClientScript->render('<!DOCTYPE html ...')
#7 /Users/dave/dev/SiteChecker/protected/framework/web/CController.php(788): CController->processOutput('<!DOCTYPE html ...')
#8 /Users/dave/dev/SiteChecker/protected/controllers/SiteController.php(43): CController->render('index', Array)
#9 /Users/dave/dev/SiteChecker/protected/framework/web/actions/CInlineAction.php(49): SiteController->actionIndex()
#10 /Users/dave/dev/SiteChecker/protected/framework/web/CController.php(308): CInlineAction->runWithParams(Array)
#11 /Users/dave/dev/SiteChecker/protected/framework/web/CController.php(286): CController->runAction(Object(CInlineAction))
#12 /Users/dave/dev/SiteChecker/protected/framework/web/CController.php(265): CController->runActionWithFilters(Object(CInlineAction), Array)
#13 /Users/dave/dev/SiteChecker/protected/framework/web/CWebApplication.php(282): CController->run('')
#14 /Users/dave/dev/SiteChecker/protected/framework/web/CWebApplication.php(141): CWebApplication->runController('')
#15 /Users/dave/dev/SiteChecker/protected/framework/base/CApplication.php(180): CWebApplication->processRequest()
#16 /Users/dave/dev/SiteChecker/index.php(12): CApplication->run()
#17 {main}
REQUEST_URI=/
---
2014/01/23 11:40:29 [error] [exception.CException] exception 'CException' with message 'CAssetManager.basePath "/Users/dave/dev/SiteChecker/assets" is invalid. Please make sure the directory exists and is writable by the Web server process.' in /Users/dave/dev/SiteChecker/protected/framework/web/CAssetManager.php:138
Stack trace:
#0 /Users/dave/dev/SiteChecker/protected/framework/web/CAssetManager.php(123): CAssetManager->setBasePath('/Users/dave/dev...')
#1 /Users/dave/dev/SiteChecker/protected/framework/web/CAssetManager.php(217): CAssetManager->getBasePath()
#2 /Users/dave/dev/SiteChecker/protected/framework/web/CClientScript.php(510): CAssetManager->publish('/Users/dave/dev...')
#3 /Users/dave/dev/SiteChecker/protected/framework/web/CClientScript.php(547): CClientScript->getCoreScriptUrl()
#4 /Users/dave/dev/SiteChecker/protected/framework/web/CClientScript.php(348): CClientScript->getPackageBaseUrl('jquery')
#5 /Users/dave/dev/SiteChecker/protected/framework/web/CClientScript.php(208): CClientScript->renderCoreScripts()
#6 /Users/dave/dev/SiteChecker/protected/framework/web/CController.php(351): CClientScript->render('<!DOCTYPE html ...')
#7 /Users/dave/dev/SiteChecker/protected/framework/web/CController.php(788): CController->processOutput('<!DOCTYPE html ...')
#8 /Users/dave/dev/SiteChecker/protected/controllers/SiteController.php(43): CController->render('index', Array)
#9 /Users/dave/dev/SiteChecker/protected/framework/web/actions/CInlineAction.php(49): SiteController->actionIndex()
#10 /Users/dave/dev/SiteChecker/protected/framework/web/CController.php(308): CInlineAction->runWithParams(Array)
#11 /Users/dave/dev/SiteChecker/protected/framework/web/CController.php(286): CController->runAction(Object(CInlineAction))
#12 /Users/dave/dev/SiteChecker/protected/framework/web/CController.php(265): CController->runActionWithFilters(Object(CInlineAction), Array)
#13 /Users/dave/dev/SiteChecker/protected/framework/web/CWebApplication.php(282): CController->run('')
#14 /Users/dave/dev/SiteChecker/protected/framework/web/CWebApplication.php(141): CWebApplication->runController('')
#15 /Users/dave/dev/SiteChecker/protected/framework/base/CApplication.php(180): CWebApplication->processRequest()
#16 /Users/dave/dev/SiteChecker/index.php(12): CApplication->run()
#17 {main}
REQUEST_URI=/
---
2014/01/23 11:45:48 [error] [exception.CException] exception 'CException' with message 'CWebApplication and its behaviors do not have a method or closure named "checkSite".' in /Users/dave/dev/SiteChecker/protected/framework/base/CComponent.php:266
Stack trace:
#0 /Users/dave/dev/SiteChecker/protected/controllers/SiteController.php(39): CComponent->__call('checkSite', Array)
#1 /Users/dave/dev/SiteChecker/protected/controllers/SiteController.php(39): CWebApplication->checkSite('http://google.c...')
#2 /Users/dave/dev/SiteChecker/protected/framework/web/actions/CInlineAction.php(49): SiteController->actionIndex()
#3 /Users/dave/dev/SiteChecker/protected/framework/web/CController.php(308): CInlineAction->runWithParams(Array)
#4 /Users/dave/dev/SiteChecker/protected/framework/web/CController.php(286): CController->runAction(Object(CInlineAction))
#5 /Users/dave/dev/SiteChecker/protected/framework/web/CController.php(265): CController->runActionWithFilters(Object(CInlineAction), Array)
#6 /Users/dave/dev/SiteChecker/protected/framework/web/CWebApplication.php(282): CController->run('')
#7 /Users/dave/dev/SiteChecker/protected/framework/web/CWebApplication.php(141): CWebApplication->runController('')
#8 /Users/dave/dev/SiteChecker/protected/framework/base/CApplication.php(180): CWebApplication->processRequest()
#9 /Users/dave/dev/SiteChecker/index.php(12): CApplication->run()
#10 {main}
REQUEST_URI=/
HTTP_REFERER=http://localhost/
---
2014/01/23 11:47:19 [error] [exception.CException] exception 'CException' with message 'CWebApplication and its behaviors do not have a method or closure named "checkSite".' in /Users/dave/dev/SiteChecker/protected/framework/base/CComponent.php:266
Stack trace:
#0 /Users/dave/dev/SiteChecker/protected/controllers/SiteController.php(39): CComponent->__call('checkSite', Array)
#1 /Users/dave/dev/SiteChecker/protected/controllers/SiteController.php(39): CWebApplication->checkSite('http://google.c...')
#2 /Users/dave/dev/SiteChecker/protected/framework/web/actions/CInlineAction.php(49): SiteController->actionIndex()
#3 /Users/dave/dev/SiteChecker/protected/framework/web/CController.php(308): CInlineAction->runWithParams(Array)
#4 /Users/dave/dev/SiteChecker/protected/framework/web/CController.php(286): CController->runAction(Object(CInlineAction))
#5 /Users/dave/dev/SiteChecker/protected/framework/web/CController.php(265): CController->runActionWithFilters(Object(CInlineAction), Array)
#6 /Users/dave/dev/SiteChecker/protected/framework/web/CWebApplication.php(282): CController->run('')
#7 /Users/dave/dev/SiteChecker/protected/framework/web/CWebApplication.php(141): CWebApplication->runController('')
#8 /Users/dave/dev/SiteChecker/protected/framework/base/CApplication.php(180): CWebApplication->processRequest()
#9 /Users/dave/dev/SiteChecker/index.php(12): CApplication->run()
#10 {main}
REQUEST_URI=/
HTTP_REFERER=http://localhost/
---
2014/01/23 11:49:21 [error] [exception.CException] exception 'CException' with message 'CWebApplication and its behaviors do not have a method or closure named "checkSite".' in /Users/dave/dev/SiteChecker/protected/framework/base/CComponent.php:266
Stack trace:
#0 /Users/dave/dev/SiteChecker/protected/controllers/SiteController.php(39): CComponent->__call('checkSite', Array)
#1 /Users/dave/dev/SiteChecker/protected/controllers/SiteController.php(39): CWebApplication->checkSite('http://google.c...')
#2 /Users/dave/dev/SiteChecker/protected/framework/web/actions/CInlineAction.php(49): SiteController->actionIndex()
#3 /Users/dave/dev/SiteChecker/protected/framework/web/CController.php(308): CInlineAction->runWithParams(Array)
#4 /Users/dave/dev/SiteChecker/protected/framework/web/CController.php(286): CController->runAction(Object(CInlineAction))
#5 /Users/dave/dev/SiteChecker/protected/framework/web/CController.php(265): CController->runActionWithFilters(Object(CInlineAction), Array)
#6 /Users/dave/dev/SiteChecker/protected/framework/web/CWebApplication.php(282): CController->run('')
#7 /Users/dave/dev/SiteChecker/protected/framework/web/CWebApplication.php(141): CWebApplication->runController('')
#8 /Users/dave/dev/SiteChecker/protected/framework/base/CApplication.php(180): CWebApplication->processRequest()
#9 /Users/dave/dev/SiteChecker/index.php(12): CApplication->run()
#10 {main}
REQUEST_URI=/
HTTP_REFERER=http://localhost/
---
2014/01/23 11:49:48 [error] [exception.CException] exception 'CException' with message 'CWebApplication and its behaviors do not have a method or closure named "xcheckSite".' in /Users/dave/dev/SiteChecker/protected/framework/base/CComponent.php:266
Stack trace:
#0 /Users/dave/dev/SiteChecker/protected/controllers/SiteController.php(39): CComponent->__call('xcheckSite', Array)
#1 /Users/dave/dev/SiteChecker/protected/controllers/SiteController.php(39): CWebApplication->xcheckSite('http://google.c...')
#2 /Users/dave/dev/SiteChecker/protected/framework/web/actions/CInlineAction.php(49): SiteController->actionIndex()
#3 /Users/dave/dev/SiteChecker/protected/framework/web/CController.php(308): CInlineAction->runWithParams(Array)
#4 /Users/dave/dev/SiteChecker/protected/framework/web/CController.php(286): CController->runAction(Object(CInlineAction))
#5 /Users/dave/dev/SiteChecker/protected/framework/web/CController.php(265): CController->runActionWithFilters(Object(CInlineAction), Array)
#6 /Users/dave/dev/SiteChecker/protected/framework/web/CWebApplication.php(282): CController->run('')
#7 /Users/dave/dev/SiteChecker/protected/framework/web/CWebApplication.php(141): CWebApplication->runController('')
#8 /Users/dave/dev/SiteChecker/protected/framework/base/CApplication.php(180): CWebApplication->processRequest()
#9 /Users/dave/dev/SiteChecker/index.php(12): CApplication->run()
#10 {main}
REQUEST_URI=/
HTTP_REFERER=http://localhost/
---
2014/01/23 11:51:28 [error] [exception.CException] exception 'CException' with message 'Property "CheckSiteForm.siteOK" is not defined.' in /Users/dave/dev/SiteChecker/protected/framework/base/CComponent.php:173
Stack trace:
#0 /Users/dave/dev/SiteChecker/protected/controllers/SiteController.php(39): CComponent->__set('siteOK', true)
#1 /Users/dave/dev/SiteChecker/protected/framework/web/actions/CInlineAction.php(49): SiteController->actionIndex()
#2 /Users/dave/dev/SiteChecker/protected/framework/web/CController.php(308): CInlineAction->runWithParams(Array)
#3 /Users/dave/dev/SiteChecker/protected/framework/web/CController.php(286): CController->runAction(Object(CInlineAction))
#4 /Users/dave/dev/SiteChecker/protected/framework/web/CController.php(265): CController->runActionWithFilters(Object(CInlineAction), Array)
#5 /Users/dave/dev/SiteChecker/protected/framework/web/CWebApplication.php(282): CController->run('')
#6 /Users/dave/dev/SiteChecker/protected/framework/web/CWebApplication.php(141): CWebApplication->runController('')
#7 /Users/dave/dev/SiteChecker/protected/framework/base/CApplication.php(180): CWebApplication->processRequest()
#8 /Users/dave/dev/SiteChecker/index.php(12): CApplication->run()
#9 {main}
REQUEST_URI=/
HTTP_REFERER=http://localhost/
---
2014/01/23 13:35:37 [error] [exception.CException] exception 'CException' with message 'Property "CheckSite.CURL" is not defined.' in /Users/dave/dev/SiteChecker/protected/framework/base/CComponent.php:130
Stack trace:
#0 /Users/dave/dev/SiteChecker/protected/views/site/index.php(4): CComponent->__get('CURL')
#1 /Users/dave/dev/SiteChecker/protected/framework/web/CBaseController.php(126): require('/Users/dave/dev...')
#2 /Users/dave/dev/SiteChecker/protected/framework/web/CBaseController.php(95): CBaseController->renderInternal('/Users/dave/dev...', Array, true)
#3 /Users/dave/dev/SiteChecker/protected/framework/web/CController.php(869): CBaseController->renderFile('/Users/dave/dev...', Array, true)
#4 /Users/dave/dev/SiteChecker/protected/framework/web/CController.php(782): CController->renderPartial('index', Array, true)
#5 /Users/dave/dev/SiteChecker/protected/controllers/SiteController.php(43): CController->render('index', Array)
#6 /Users/dave/dev/SiteChecker/protected/framework/web/actions/CInlineAction.php(49): SiteController->actionIndex()
#7 /Users/dave/dev/SiteChecker/protected/framework/web/CController.php(308): CInlineAction->runWithParams(Array)
#8 /Users/dave/dev/SiteChecker/protected/framework/web/CController.php(286): CController->runAction(Object(CInlineAction))
#9 /Users/dave/dev/SiteChecker/protected/framework/web/CController.php(265): CController->runActionWithFilters(Object(CInlineAction), Array)
#10 /Users/dave/dev/SiteChecker/protected/framework/web/CWebApplication.php(282): CController->run('index')
#11 /Users/dave/dev/SiteChecker/protected/framework/web/CWebApplication.php(141): CWebApplication->runController('site/index')
#12 /Users/dave/dev/SiteChecker/protected/framework/base/CApplication.php(180): CWebApplication->processRequest()
#13 /Users/dave/dev/SiteChecker/index.php(12): CApplication->run()
#14 {main}
REQUEST_URI=/index.php/site/index
HTTP_REFERER=http://localhost/
---
2014/01/23 15:39:59 [error] [php] fsockopen(): php_network_getaddresses: getaddrinfo failed: nodename nor servname provided, or not known (/Users/dave/dev/SiteChecker/protected/components/CheckSite.php:97)
Stack trace:
#0 /Users/dave/dev/SiteChecker/protected/controllers/SiteController.php(39): CheckSite->isOnline()
#1 /Users/dave/dev/SiteChecker/protected/framework/web/actions/CInlineAction.php(49): SiteController->actionIndex()
#2 /Users/dave/dev/SiteChecker/protected/framework/web/CController.php(308): CInlineAction->runWithParams()
#3 /Users/dave/dev/SiteChecker/protected/framework/web/CController.php(286): SiteController->runAction()
#4 /Users/dave/dev/SiteChecker/protected/framework/web/CController.php(265): SiteController->runActionWithFilters()
#5 /Users/dave/dev/SiteChecker/protected/framework/web/CWebApplication.php(282): SiteController->run()
#6 /Users/dave/dev/SiteChecker/protected/framework/web/CWebApplication.php(141): CWebApplication->runController()
#7 /Users/dave/dev/SiteChecker/protected/framework/base/CApplication.php(180): CWebApplication->processRequest()
#8 /Users/dave/dev/SiteChecker/index.php(12): CWebApplication->run()
REQUEST_URI=/index.php/site/index
in /Users/dave/dev/SiteChecker/protected/components/CheckSite.php (97)
in /Users/dave/dev/SiteChecker/protected/components/CheckSite.php (29)
in /Users/dave/dev/SiteChecker/protected/controllers/SiteController.php (39)
2014/01/23 15:40:59 [error] [php] fsockopen(): php_network_getaddresses: getaddrinfo failed: nodename nor servname provided, or not known (/Users/dave/dev/SiteChecker/protected/components/CheckSite.php:97)
Stack trace:
#0 /Users/dave/dev/SiteChecker/protected/controllers/SiteController.php(39): CheckSite->isOnline()
#1 /Users/dave/dev/SiteChecker/protected/framework/web/actions/CInlineAction.php(49): SiteController->actionIndex()
#2 /Users/dave/dev/SiteChecker/protected/framework/web/CController.php(308): CInlineAction->runWithParams()
#3 /Users/dave/dev/SiteChecker/protected/framework/web/CController.php(286): SiteController->runAction()
#4 /Users/dave/dev/SiteChecker/protected/framework/web/CController.php(265): SiteController->runActionWithFilters()
#5 /Users/dave/dev/SiteChecker/protected/framework/web/CWebApplication.php(282): SiteController->run()
#6 /Users/dave/dev/SiteChecker/protected/framework/web/CWebApplication.php(141): CWebApplication->runController()
#7 /Users/dave/dev/SiteChecker/protected/framework/base/CApplication.php(180): CWebApplication->processRequest()
#8 /Users/dave/dev/SiteChecker/index.php(12): CWebApplication->run()
REQUEST_URI=/index.php/site/index
in /Users/dave/dev/SiteChecker/protected/components/CheckSite.php (97)
in /Users/dave/dev/SiteChecker/protected/components/CheckSite.php (29)
in /Users/dave/dev/SiteChecker/protected/controllers/SiteController.php (39)
2014/01/23 16:50:22 [error] [php] include(BaseActiveRecord.php): failed to open stream: No such file or directory (/Users/dave/dev/SiteChecker/protected/framework/YiiBase.php:427)
Stack trace:
#0 /Users/dave/dev/SiteChecker/protected/models/SiteCheckDao.php(7): spl_autoload_call()
#1 /Users/dave/dev/SiteChecker/protected/framework/YiiBase.php(427): include()
#2 unknown(0): autoload()
#3 /Users/dave/dev/SiteChecker/protected/controllers/SiteController.php(43): spl_autoload_call()
#4 /Users/dave/dev/SiteChecker/protected/framework/web/actions/CInlineAction.php(49): SiteController->actionIndex()
#5 /Users/dave/dev/SiteChecker/protected/framework/web/CController.php(308): CInlineAction->runWithParams()
#6 /Users/dave/dev/SiteChecker/protected/framework/web/CController.php(286): SiteController->runAction()
#7 /Users/dave/dev/SiteChecker/protected/framework/web/CController.php(265): SiteController->runActionWithFilters()
#8 /Users/dave/dev/SiteChecker/protected/framework/web/CWebApplication.php(282): SiteController->run()
#9 /Users/dave/dev/SiteChecker/protected/framework/web/CWebApplication.php(141): CWebApplication->runController()
#10 /Users/dave/dev/SiteChecker/protected/framework/base/CApplication.php(180): CWebApplication->processRequest()
#11 /Users/dave/dev/SiteChecker/index.php(12): CWebApplication->run()
REQUEST_URI=/index.php/site/index
in /Users/dave/dev/SiteChecker/protected/models/SiteCheckDao.php (7)
in /Users/dave/dev/SiteChecker/protected/controllers/SiteController.php (43)
in /Users/dave/dev/SiteChecker/index.php (12)
2014/01/23 16:51:03 [error] [exception.CDbException] exception 'CDbException' with message 'CDbConnection failed to open the DB connection: SQLSTATE[HY000] [2002] No such file or directory' in /Users/dave/dev/SiteChecker/protected/framework/db/CDbConnection.php:382
Stack trace:
#0 /Users/dave/dev/SiteChecker/protected/framework/db/CDbConnection.php(330): CDbConnection->open()
#1 /Users/dave/dev/SiteChecker/protected/framework/db/CDbConnection.php(308): CDbConnection->setActive(true)
#2 /Users/dave/dev/SiteChecker/protected/framework/base/CModule.php(387): CDbConnection->init()
#3 /Users/dave/dev/SiteChecker/protected/framework/base/CApplication.php(450): CModule->getComponent('db')
#4 /Users/dave/dev/SiteChecker/protected/framework/db/ar/CActiveRecord.php(634): CApplication->getDb()
#5 /Users/dave/dev/SiteChecker/protected/framework/db/ar/CActiveRecord.php(2361): CActiveRecord->getDbConnection()
#6 /Users/dave/dev/SiteChecker/protected/framework/db/ar/CActiveRecord.php(411): CActiveRecordMetaData->__construct(Object(SiteCheckDao))
#7 /Users/dave/dev/SiteChecker/protected/framework/db/ar/CActiveRecord.php(79): CActiveRecord->getMetaData()
#8 /Users/dave/dev/SiteChecker/protected/controllers/SiteController.php(43): CActiveRecord->__construct()
#9 /Users/dave/dev/SiteChecker/protected/framework/web/actions/CInlineAction.php(49): SiteController->actionIndex()
#10 /Users/dave/dev/SiteChecker/protected/framework/web/CController.php(308): CInlineAction->runWithParams(Array)
#11 /Users/dave/dev/SiteChecker/protected/framework/web/CController.php(286): CController->runAction(Object(CInlineAction))
#12 /Users/dave/dev/SiteChecker/protected/framework/web/CController.php(265): CController->runActionWithFilters(Object(CInlineAction), Array)
#13 /Users/dave/dev/SiteChecker/protected/framework/web/CWebApplication.php(282): CController->run('index')
#14 /Users/dave/dev/SiteChecker/protected/framework/web/CWebApplication.php(141): CWebApplication->runController('site/index')
#15 /Users/dave/dev/SiteChecker/protected/framework/base/CApplication.php(180): CWebApplication->processRequest()
#16 /Users/dave/dev/SiteChecker/index.php(12): CApplication->run()
#17 {main}
REQUEST_URI=/index.php/site/index
HTTP_REFERER=http://localhost/index.php/site/index
---
2014/01/23 16:52:27 [error] [exception.CDbException] exception 'CDbException' with message 'CDbConnection failed to open the DB connection: SQLSTATE[HY000] [2002] No such file or directory' in /Users/dave/dev/SiteChecker/protected/framework/db/CDbConnection.php:382
Stack trace:
#0 /Users/dave/dev/SiteChecker/protected/framework/db/CDbConnection.php(330): CDbConnection->open()
#1 /Users/dave/dev/SiteChecker/protected/framework/db/CDbConnection.php(308): CDbConnection->setActive(true)
#2 /Users/dave/dev/SiteChecker/protected/framework/base/CModule.php(387): CDbConnection->init()
#3 /Users/dave/dev/SiteChecker/protected/framework/base/CApplication.php(450): CModule->getComponent('db')
#4 /Users/dave/dev/SiteChecker/protected/framework/db/ar/CActiveRecord.php(634): CApplication->getDb()
#5 /Users/dave/dev/SiteChecker/protected/framework/db/ar/CActiveRecord.php(2361): CActiveRecord->getDbConnection()
#6 /Users/dave/dev/SiteChecker/protected/framework/db/ar/CActiveRecord.php(411): CActiveRecordMetaData->__construct(Object(SiteCheckDao))
#7 /Users/dave/dev/SiteChecker/protected/framework/db/ar/CActiveRecord.php(79): CActiveRecord->getMetaData()
#8 /Users/dave/dev/SiteChecker/protected/controllers/SiteController.php(43): CActiveRecord->__construct()
#9 /Users/dave/dev/SiteChecker/protected/framework/web/actions/CInlineAction.php(49): SiteController->actionIndex()
#10 /Users/dave/dev/SiteChecker/protected/framework/web/CController.php(308): CInlineAction->runWithParams(Array)
#11 /Users/dave/dev/SiteChecker/protected/framework/web/CController.php(286): CController->runAction(Object(CInlineAction))
#12 /Users/dave/dev/SiteChecker/protected/framework/web/CController.php(265): CController->runActionWithFilters(Object(CInlineAction), Array)
#13 /Users/dave/dev/SiteChecker/protected/framework/web/CWebApplication.php(282): CController->run('index')
#14 /Users/dave/dev/SiteChecker/protected/framework/web/CWebApplication.php(141): CWebApplication->runController('site/index')
#15 /Users/dave/dev/SiteChecker/protected/framework/base/CApplication.php(180): CWebApplication->processRequest()
#16 /Users/dave/dev/SiteChecker/index.php(12): CApplication->run()
#17 {main}
REQUEST_URI=/index.php/site/index
HTTP_REFERER=http://localhost/index.php/site/index
---
2014/01/23 16:52:38 [error] [exception.CDbException] exception 'CDbException' with message 'CDbConnection failed to open the DB connection: SQLSTATE[HY000] [2002] No such file or directory' in /Users/dave/dev/SiteChecker/protected/framework/db/CDbConnection.php:382
Stack trace:
#0 /Users/dave/dev/SiteChecker/protected/framework/db/CDbConnection.php(330): CDbConnection->open()
#1 /Users/dave/dev/SiteChecker/protected/framework/db/CDbConnection.php(308): CDbConnection->setActive(true)
#2 /Users/dave/dev/SiteChecker/protected/framework/base/CModule.php(387): CDbConnection->init()
#3 /Users/dave/dev/SiteChecker/protected/framework/base/CApplication.php(450): CModule->getComponent('db')
#4 /Users/dave/dev/SiteChecker/protected/framework/db/ar/CActiveRecord.php(634): CApplication->getDb()
#5 /Users/dave/dev/SiteChecker/protected/framework/db/ar/CActiveRecord.php(2361): CActiveRecord->getDbConnection()
#6 /Users/dave/dev/SiteChecker/protected/framework/db/ar/CActiveRecord.php(411): CActiveRecordMetaData->__construct(Object(SiteCheckDao))
#7 /Users/dave/dev/SiteChecker/protected/framework/db/ar/CActiveRecord.php(79): CActiveRecord->getMetaData()
#8 /Users/dave/dev/SiteChecker/protected/controllers/SiteController.php(43): CActiveRecord->__construct()
#9 /Users/dave/dev/SiteChecker/protected/framework/web/actions/CInlineAction.php(49): SiteController->actionIndex()
#10 /Users/dave/dev/SiteChecker/protected/framework/web/CController.php(308): CInlineAction->runWithParams(Array)
#11 /Users/dave/dev/SiteChecker/protected/framework/web/CController.php(286): CController->runAction(Object(CInlineAction))
#12 /Users/dave/dev/SiteChecker/protected/framework/web/CController.php(265): CController->runActionWithFilters(Object(CInlineAction), Array)
#13 /Users/dave/dev/SiteChecker/protected/framework/web/CWebApplication.php(282): CController->run('index')
#14 /Users/dave/dev/SiteChecker/protected/framework/web/CWebApplication.php(141): CWebApplication->runController('site/index')
#15 /Users/dave/dev/SiteChecker/protected/framework/base/CApplication.php(180): CWebApplication->processRequest()
#16 /Users/dave/dev/SiteChecker/index.php(12): CApplication->run()
#17 {main}
REQUEST_URI=/index.php/site/index
HTTP_REFERER=http://localhost/index.php/site/index
---
